Opened the Browser -CHROME
Opened the URl - :https://www.amazon.in
Entered the text :-  sony with using locator :- twotabsearchtextbox
CLicked on Amazon Search Button  with using locator :-//*[@id="nav-search"]/form/div[2]/div/input
Opened the Browser -CHROME
Opened the URl - :https://www.amazon.in
Entered the text :-  sony with using locator :- twotabsearchtextbox
CLicked on Amazon Search Button  with using locator :-//*[@id="nav-search"]/form/div[2]/div/input
Opened the Browser -CHROME
Opened the URl - :https://www.amazon.in
Opened the Browser with -- EDGE
Navigated to URL with -- https://www.amazon.in
Opened the Browser -CHROME
Opened the URl - :https://www.amazon.in
Entered the text :-  sony with using locator :- twotabsearchtextbox
CLicked on Amazon Search Button  with using locator :-//*[@id="nav-search"]/form/div[2]/div/input
Opened the Browser -CHROME
Opened the URl - :https://www.amazon.in
Entered the text :-  sony with using locator :- twotabsearchtextbox
CLicked on Amazon Search Button  with using locator :-//*[@id="nav-search"]/form/div[2]/div/input
Opened the Browser -CHROME
Opened the URl - :https://www.amazon.in
Entered the text :-  sony with using locator :- twotabsearchtextbox
CLicked on Amazon Search Button  with using locator :-//*[@id="nav-search"]/form/div[2]/div/input
Opened the Browser -CHROME
Opened the URl - :https://www.amazon.in
Entered the text :-  sony with using locator :- twotabsearchtextbox
CLicked on Amazon Search Button  with using locator :-//*[@id="nav-search"]/form/div[2]/div/input
Opened the Browser -CHROME
Opened the URl - :https://www.amazon.in
Entered the text :-  sony with using locator :- twotabsearchtextbox
CLicked on Amazon Search Button  with using locator :-//*[@id="nav-search"]/form/div[2]/div/input
Opened the Browser -CHROME
Opened the URl - :https://www.amazon.in
Opened the Browser -CHROME
Opened the URl - :https://www.amazon.in
Opened the Browser -CHROME
Opened the URl - :https://www.amazon.in
Opened the Browser -CHROME
Opened the URl - :https://www.amazon.in
Entered the text :-  sony with using locator :- twotabsearchtextbox
CLicked on Amazon Search Button  with using locator :-//*[@id="nav-search"]/form/div[2]/div/input
